0 info it worked if it ends with ok
1 verbose cli [ 'node', '/Users/Joseph/.nvm/v0.10.38/bin/npm', 'run', 'test' ]
2 info using npm@2.10.0
3 info using node@v0.10.38
4 verbose run-script [ 'pretest', 'test', 'posttest' ]
5 info pretest webpack-reload-test@0.0.1
6 info test webpack-reload-test@0.0.1
7 verbose unsafe-perm in lifecycle true
8 info webpack-reload-test@0.0.1 Failed to exec test script
9 verbose stack Error: webpack-reload-test@0.0.1 test: `echo "Error: no test specified" && exit 1`
9 verbose stack Exit status 1
9 verbose stack     at EventEmitter.<anonymous> (/Users/Joseph/.nvm/v0.10.38/lib/node_modules/npm/lib/utils/lifecycle.js:213:16)
9 verbose stack     at EventEmitter.emit (events.js:98:17)
9 verbose stack     at ChildProcess.<anonymous> (/Users/Joseph/.nvm/v0.10.38/lib/node_modules/npm/lib/utils/spawn.js:24:14)
9 verbose stack     at ChildProcess.emit (events.js:98:17)
9 verbose stack     at maybeClose (child_process.js:766:16)
9 verbose stack     at Process.ChildProcess._handle.onexit (child_process.js:833:5)
10 verbose pkgid webpack-reload-test@0.0.1
11 verbose cwd /Users/Joseph/Documents/codes/webpack-reload-test
12 error Darwin 14.4.0
13 error argv "node" "/Users/Joseph/.nvm/v0.10.38/bin/npm" "run" "test"
14 error node v0.10.38
15 error npm  v2.10.0
16 error code ELIFECYCLE
17 error webpack-reload-test@0.0.1 test: `echo "Error: no test specified" && exit 1`
17 error Exit status 1
18 error Failed at the webpack-reload-test@0.0.1 test script 'echo "Error: no test specified" && exit 1'.
18 error This is most likely a problem with the webpack-reload-test package,
18 error not with npm itself.
18 error Tell the author that this fails on your system:
18 error     echo "Error: no test specified" && exit 1
18 error You can get their info via:
18 error     npm owner ls webpack-reload-test
18 error There is likely additional logging output above.
19 verbose exit [ 1, true ]
